0 info it worked if it ends with ok
1 verbose cli [ 'C:\\Program Files\\nodejs\\node.exe',
1 verbose cli   'C:\\Program Files\\nodejs\\node_modules\\npm\\bin\\npm-cli.js',
1 verbose cli   'install',
1 verbose cli   'node',
1 verbose cli   '--save' ]
2 info using npm@4.1.2
3 info using node@v7.7.4
4 silly loadCurrentTree Starting
5 silly install loadCurrentTree
6 silly install readLocalPackageData
7 silly fetchPackageMetaData node
8 silly fetchNamedPackageData node
9 silly mapToRegistry name node
10 silly mapToRegistry using default registry
11 silly mapToRegistry registry https://registry.npmjs.org/
12 silly mapToRegistry data Result {
12 silly mapToRegistry   raw: 'node',
12 silly mapToRegistry   scope: null,
12 silly mapToRegistry   escapedName: 'node',
12 silly mapToRegistry   name: 'node',
12 silly mapToRegistry   rawSpec: '',
12 silly mapToRegistry   spec: 'latest',
12 silly mapToRegistry   type: 'tag' }
13 silly mapToRegistry uri https://registry.npmjs.org/node
14 verbose request uri https://registry.npmjs.org/node
15 verbose request no auth needed
16 info attempt registry request try #1 at 16:35:09
17 verbose request id 9d910bd493c3316a
18 verbose etag W/"59a988af-4e335"
19 verbose lastModified Fri, 01 Sep 2017 16:19:59 GMT
20 http request GET https://registry.npmjs.org/node
21 http 304 https://registry.npmjs.org/node
22 verbose headers { date: 'Fri, 15 Sep 2017 14:35:10 GMT',
22 verbose headers   via: '1.1 varnish',
22 verbose headers   'cache-control': 'max-age=300',
22 verbose headers   etag: 'W/"59a988af-4e335"',
22 verbose headers   age: '0',
22 verbose headers   connection: 'keep-alive',
22 verbose headers   'x-served-by': 'cache-bma7034-BMA',
22 verbose headers   'x-cache': 'HIT',
22 verbose headers   'x-cache-hits': '1',
22 verbose headers   'x-timer': 'S1505486111.623244,VS0,VE24',
22 verbose headers   vary: 'Accept-Encoding, Accept' }
23 silly get cb [ 304,
23 silly get   { date: 'Fri, 15 Sep 2017 14:35:10 GMT',
23 silly get     via: '1.1 varnish',
23 silly get     'cache-control': 'max-age=300',
23 silly get     etag: 'W/"59a988af-4e335"',
23 silly get     age: '0',
23 silly get     connection: 'keep-alive',
23 silly get     'x-served-by': 'cache-bma7034-BMA',
23 silly get     'x-cache': 'HIT',
23 silly get     'x-cache-hits': '1',
23 silly get     'x-timer': 'S1505486111.623244,VS0,VE24',
23 silly get     vary: 'Accept-Encoding, Accept' } ]
24 verbose etag https://registry.npmjs.org/node from cache
25 verbose get saving node to C:\Users\z6apr\AppData\Roaming\npm-cache\registry.npmjs.org\node\.cache.json
26 verbose correctMkdir C:\Users\z6apr\AppData\Roaming\npm-cache correctMkdir not in flight; initializing
27 silly install normalizeTree
28 silly loadCurrentTree Finishing
29 silly loadIdealTree Starting
30 silly install loadIdealTree
31 silly cloneCurrentTree Starting
32 silly install cloneCurrentTreeToIdealTree
33 silly cloneCurrentTree Finishing
34 silly loadShrinkwrap Starting
35 silly install loadShrinkwrap
36 silly loadShrinkwrap Finishing
37 silly loadAllDepsIntoIdealTree Starting
38 silly install loadAllDepsIntoIdealTree
39 silly resolveWithNewModule node@8.3.0 checking installable status
40 silly cache add args [ 'node', null ]
41 verbose cache add spec node
42 silly cache add parsed spec Result {
42 silly cache add   raw: 'node',
42 silly cache add   scope: null,
42 silly cache add   escapedName: 'node',
42 silly cache add   name: 'node',
42 silly cache add   rawSpec: '',
42 silly cache add   spec: 'latest',
42 silly cache add   type: 'tag' }
43 silly addNamed node@latest
44 verbose addNamed "latest" is being treated as a dist-tag for node
45 info addNameTag [ 'node', 'latest' ]
46 silly mapToRegistry name node
47 silly mapToRegistry using default registry
48 silly mapToRegistry registry https://registry.npmjs.org/
49 silly mapToRegistry data Result {
49 silly mapToRegistry   raw: 'node',
49 silly mapToRegistry   scope: null,
49 silly mapToRegistry   escapedName: 'node',
49 silly mapToRegistry   name: 'node',
49 silly mapToRegistry   rawSpec: '',
49 silly mapToRegistry   spec: 'latest',
49 silly mapToRegistry   type: 'tag' }
50 silly mapToRegistry uri https://registry.npmjs.org/node
51 verbose addNameTag registry:https://registry.npmjs.org/node not in flight; fetching
52 verbose get https://registry.npmjs.org/node not expired, no request
53 silly addNameTag next cb for node with tag latest
54 silly addNamed node@8.3.0
55 verbose addNamed "8.3.0" is a plain semver version for node
56 silly cache afterAdd node@8.3.0
57 verbose afterAdd C:\Users\z6apr\AppData\Roaming\npm-cache\node\8.3.0\package\package.json not in flight; writing
58 verbose correctMkdir C:\Users\z6apr\AppData\Roaming\npm-cache correctMkdir not in flight; initializing
59 verbose afterAdd C:\Users\z6apr\AppData\Roaming\npm-cache\node\8.3.0\package\package.json written
60 silly fetchNamedPackageData node-bin-setup
61 silly mapToRegistry name node-bin-setup
62 silly mapToRegistry using default registry
63 silly mapToRegistry registry https://registry.npmjs.org/
64 silly mapToRegistry data Result {
64 silly mapToRegistry   raw: 'node-bin-setup',
64 silly mapToRegistry   scope: null,
64 silly mapToRegistry   escapedName: 'node-bin-setup',
64 silly mapToRegistry   name: 'node-bin-setup',
64 silly mapToRegistry   rawSpec: '',
64 silly mapToRegistry   spec: 'latest',
64 silly mapToRegistry   type: 'tag' }
65 silly mapToRegistry uri https://registry.npmjs.org/node-bin-setup
66 verbose request uri https://registry.npmjs.org/node-bin-setup
67 verbose request no auth needed
68 info attempt registry request try #1 at 16:35:10
69 verbose etag W/"5976bbea-1511"
70 verbose lastModified Tue, 25 Jul 2017 03:32:58 GMT
71 http request GET https://registry.npmjs.org/node-bin-setup
72 http 304 https://registry.npmjs.org/node-bin-setup
73 verbose headers { date: 'Fri, 15 Sep 2017 14:35:10 GMT',
73 verbose headers   via: '1.1 varnish',
73 verbose headers   'cache-control': 'max-age=300',
73 verbose headers   etag: 'W/"5976bbea-1511"',
73 verbose headers   age: '0',
73 verbose headers   connection: 'keep-alive',
73 verbose headers   'x-served-by': 'cache-bma7034-BMA',
73 verbose headers   'x-cache': 'HIT',
73 verbose headers   'x-cache-hits': '1',
73 verbose headers   'x-timer': 'S1505486111.919000,VS0,VE28',
73 verbose headers   vary: 'Accept-Encoding, Accept' }
74 silly get cb [ 304,
74 silly get   { date: 'Fri, 15 Sep 2017 14:35:10 GMT',
74 silly get     via: '1.1 varnish',
74 silly get     'cache-control': 'max-age=300',
74 silly get     etag: 'W/"5976bbea-1511"',
74 silly get     age: '0',
74 silly get     connection: 'keep-alive',
74 silly get     'x-served-by': 'cache-bma7034-BMA',
74 silly get     'x-cache': 'HIT',
74 silly get     'x-cache-hits': '1',
74 silly get     'x-timer': 'S1505486111.919000,VS0,VE28',
74 silly get     vary: 'Accept-Encoding, Accept' } ]
75 verbose etag https://registry.npmjs.org/node-bin-setup from cache
76 verbose get saving node-bin-setup to C:\Users\z6apr\AppData\Roaming\npm-cache\registry.npmjs.org\node-bin-setup\.cache.json
77 verbose correctMkdir C:\Users\z6apr\AppData\Roaming\npm-cache correctMkdir not in flight; initializing
78 silly pickManifestFromRegistryMetadata spec >=1.0.0 <2.0.0 tag latest versions [ '1.0.0', '1.0.1', '1.0.2', '1.0.3', '1.0.4', '1.0.6' ]
79 silly resolveWithNewModule node-bin-setup@1.0.6 checking installable status
80 silly cache add args [ 'node-bin-setup@^1.0.0', null ]
81 verbose cache add spec node-bin-setup@^1.0.0
82 silly cache add parsed spec Result {
82 silly cache add   raw: 'node-bin-setup@^1.0.0',
82 silly cache add   scope: null,
82 silly cache add   escapedName: 'node-bin-setup',
82 silly cache add   name: 'node-bin-setup',
82 silly cache add   rawSpec: '^1.0.0',
82 silly cache add   spec: '>=1.0.0 <2.0.0',
82 silly cache add   type: 'range' }
83 silly addNamed node-bin-setup@>=1.0.0 <2.0.0
84 verbose addNamed ">=1.0.0 <2.0.0" is a valid semver range for node-bin-setup
85 silly addNameRange { name: 'node-bin-setup',
85 silly addNameRange   range: '>=1.0.0 <2.0.0',
85 silly addNameRange   hasData: false }
86 silly mapToRegistry name node-bin-setup
87 silly mapToRegistry using default registry
88 silly mapToRegistry registry https://registry.npmjs.org/
89 silly mapToRegistry data Result {
89 silly mapToRegistry   raw: 'node-bin-setup',
89 silly mapToRegistry   scope: null,
89 silly mapToRegistry   escapedName: 'node-bin-setup',
89 silly mapToRegistry   name: 'node-bin-setup',
89 silly mapToRegistry   rawSpec: '',
89 silly mapToRegistry   spec: 'latest',
89 silly mapToRegistry   type: 'tag' }
90 silly mapToRegistry uri https://registry.npmjs.org/node-bin-setup
91 verbose addNameRange registry:https://registry.npmjs.org/node-bin-setup not in flight; fetching
92 verbose get https://registry.npmjs.org/node-bin-setup not expired, no request
93 silly addNameRange number 2 { name: 'node-bin-setup',
93 silly addNameRange   range: '>=1.0.0 <2.0.0',
93 silly addNameRange   hasData: true }
94 silly addNameRange versions [ 'node-bin-setup',
94 silly addNameRange   [ '1.0.0', '1.0.1', '1.0.2', '1.0.3', '1.0.4', '1.0.6' ] ]
95 silly pickManifestFromRegistryMetadata spec >=1.0.0 <2.0.0 tag latest versions [ '1.0.0', '1.0.1', '1.0.2', '1.0.3', '1.0.4', '1.0.6' ]
96 silly addNamed node-bin-setup@latest
97 verbose addNamed "latest" is being treated as a dist-tag for node-bin-setup
98 info addNameTag [ 'node-bin-setup', 'latest' ]
99 silly mapToRegistry name node-bin-setup
100 silly mapToRegistry using default registry
101 silly mapToRegistry registry https://registry.npmjs.org/
102 silly mapToRegistry data Result {
102 silly mapToRegistry   raw: 'node-bin-setup',
102 silly mapToRegistry   scope: null,
102 silly mapToRegistry   escapedName: 'node-bin-setup',
102 silly mapToRegistry   name: 'node-bin-setup',
102 silly mapToRegistry   rawSpec: '',
102 silly mapToRegistry   spec: 'latest',
102 silly mapToRegistry   type: 'tag' }
103 silly mapToRegistry uri https://registry.npmjs.org/node-bin-setup
104 verbose addNameTag registry:https://registry.npmjs.org/node-bin-setup already in flight; waiting
105 silly addNameTag next cb for node-bin-setup with tag latest
106 silly addNamed node-bin-setup@1.0.6
107 verbose addNamed "1.0.6" is a plain semver version for node-bin-setup
108 silly cache afterAdd node-bin-setup@1.0.6
109 verbose afterAdd C:\Users\z6apr\AppData\Roaming\npm-cache\node-bin-setup\1.0.6\package\package.json not in flight; writing
110 verbose correctMkdir C:\Users\z6apr\AppData\Roaming\npm-cache correctMkdir not in flight; initializing
111 verbose afterAdd C:\Users\z6apr\AppData\Roaming\npm-cache\node-bin-setup\1.0.6\package\package.json written
112 silly loadAllDepsIntoIdealTree Finishing
113 silly loadIdealTree Finishing
114 silly currentTree nIt.nCommons@0.0.0
114 silly currentTree `-- typescript@2.5.2
115 silly idealTree nIt.nCommons@0.0.0
115 silly idealTree +-- node-bin-setup@1.0.6
115 silly idealTree +-- node@8.3.0
115 silly idealTree `-- typescript@2.5.2
116 silly generateActionsToTake Starting
117 silly install generateActionsToTake
118 silly generateActionsToTake Finishing
119 silly diffTrees action count 2
120 silly diffTrees add node-bin-setup@1.0.6
121 silly diffTrees add node@8.3.0
122 silly decomposeActions action count 16
123 silly decomposeActions fetch node-bin-setup@1.0.6
124 silly decomposeActions extract node-bin-setup@1.0.6
125 silly decomposeActions test node-bin-setup@1.0.6
126 silly decomposeActions preinstall node-bin-setup@1.0.6
127 silly decomposeActions build node-bin-setup@1.0.6
128 silly decomposeActions install node-bin-setup@1.0.6
129 silly decomposeActions postinstall node-bin-setup@1.0.6
130 silly decomposeActions finalize node-bin-setup@1.0.6
131 silly decomposeActions fetch node@8.3.0
132 silly decomposeActions extract node@8.3.0
133 silly decomposeActions test node@8.3.0
134 silly decomposeActions preinstall node@8.3.0
135 silly decomposeActions build node@8.3.0
136 silly decomposeActions install node@8.3.0
137 silly decomposeActions postinstall node@8.3.0
138 silly decomposeActions finalize node@8.3.0
139 silly runTopLevelLifecycles Starting
140 silly executeActions Starting
141 silly install executeActions
142 silly doSerial global-install 0
143 silly doParallel fetch 2
144 verbose correctMkdir C:\Users\z6apr\AppData\Roaming\npm-cache\_locks correctMkdir not in flight; initializing
145 verbose lock using C:\Users\z6apr\AppData\Roaming\npm-cache\_locks\staging-d2edf3ac8bc09e08.lock for D:\_myStudies\typescript\nItc.nCommons\Commons\node_modules\.staging
146 silly doParallel extract 2
147 silly extract node-bin-setup@1.0.6
148 silly extract node@8.3.0
149 verbose unbuild node_modules\.staging\node-bin-setup-5fc0a558
150 verbose unbuild node_modules\.staging\node-f3686ed1
151 silly gentlyRm D:\_myStudies\typescript\nItc.nCommons\Commons\node_modules\.staging\node-bin-setup-5fc0a558 is being purged from base D:\_myStudies\typescript\nItc.nCommons\Commons
152 verbose gentlyRm don't care about contents; nuking D:\_myStudies\typescript\nItc.nCommons\Commons\node_modules\.staging\node-bin-setup-5fc0a558
153 verbose tar unpack C:\Users\z6apr\AppData\Roaming\npm-cache\node-bin-setup\1.0.6\package.tgz
154 verbose tar unpacking to D:\_myStudies\typescript\nItc.nCommons\Commons\node_modules\.staging\node-bin-setup-5fc0a558
155 silly gentlyRm D:\_myStudies\typescript\nItc.nCommons\Commons\node_modules\.staging\node-bin-setup-5fc0a558 is being purged
156 verbose gentlyRm don't care about contents; nuking D:\_myStudies\typescript\nItc.nCommons\Commons\node_modules\.staging\node-bin-setup-5fc0a558
157 silly gunzTarPerm modes [ '777', '666' ]
158 silly gentlyRm D:\_myStudies\typescript\nItc.nCommons\Commons\node_modules\.staging\node-f3686ed1 is being purged from base D:\_myStudies\typescript\nItc.nCommons\Commons
159 verbose gentlyRm don't care about contents; nuking D:\_myStudies\typescript\nItc.nCommons\Commons\node_modules\.staging\node-f3686ed1
160 verbose tar unpack C:\Users\z6apr\AppData\Roaming\npm-cache\node\8.3.0\package.tgz
161 verbose tar unpacking to D:\_myStudies\typescript\nItc.nCommons\Commons\node_modules\.staging\node-f3686ed1
162 silly gentlyRm D:\_myStudies\typescript\nItc.nCommons\Commons\node_modules\.staging\node-f3686ed1 is being purged
163 verbose gentlyRm don't care about contents; nuking D:\_myStudies\typescript\nItc.nCommons\Commons\node_modules\.staging\node-f3686ed1
164 silly gunzTarPerm modes [ '777', '666' ]
165 silly gunzTarPerm extractEntry package.json
166 silly gunzTarPerm modified mode [ 'package.json', 420, 438 ]
167 silly gunzTarPerm extractEntry package.json
168 silly gunzTarPerm modified mode [ 'package.json', 420, 438 ]
169 silly gunzTarPerm extractEntry index.js
170 silly gunzTarPerm modified mode [ 'index.js', 420, 438 ]
171 silly gunzTarPerm extractEntry README.md
172 silly gunzTarPerm modified mode [ 'README.md', 420, 438 ]
173 silly gunzTarPerm extractEntry installArchSpecificPackage.js
174 silly gunzTarPerm modified mode [ 'installArchSpecificPackage.js', 420, 438 ]
175 silly gentlyRm D:\_myStudies\typescript\nItc.nCommons\Commons\node_modules\.staging\node-bin-setup-5fc0a558\node_modules is being purged
176 verbose gentlyRm don't care about contents; nuking D:\_myStudies\typescript\nItc.nCommons\Commons\node_modules\.staging\node-bin-setup-5fc0a558\node_modules
177 silly gentlyRm D:\_myStudies\typescript\nItc.nCommons\Commons\node_modules\.staging\node-f3686ed1\node_modules is being purged
178 verbose gentlyRm don't care about contents; nuking D:\_myStudies\typescript\nItc.nCommons\Commons\node_modules\.staging\node-f3686ed1\node_modules
179 silly doParallel preinstall 2
180 silly preinstall node-bin-setup@1.0.6
181 info lifecycle node-bin-setup@1.0.6~preinstall: node-bin-setup@1.0.6
182 silly preinstall node@8.3.0
183 info lifecycle node@8.3.0~preinstall: node@8.3.0
184 silly lifecycle node-bin-setup@1.0.6~preinstall: no script for preinstall, continuing
185 verbose lifecycle node@8.3.0~preinstall: unsafe-perm in lifecycle true
186 verbose lifecycle node@8.3.0~preinstall: PATH: C:\Program Files\nodejs\node_modules\npm\bin\node-gyp-bin;D:\_myStudies\typescript\nItc.nCommons\Commons\node_modules\.staging\node-f3686ed1\node_modules\.bin;D:\_myStudies\typescript\nItc.nCommons\Commons\node_modules\.bin;C:\ProgramData\Oracle\Java\javapath;C:\WINDOWS\system32;C:\WINDOWS;C:\WINDOWS\System32\Wbem;C:\WINDOWS\System32\WindowsPowerShell\v1.0\;C:\Program Files (x86)\Microsoft Team Foundation Server 2015 Power Tools\;C:\Program Files (x86)\Microsoft Team Foundation Server 2013 Power Tools\Best Practices Analyzer\;C:\Windows\CCM;C:\Windows\CCM;D:\Redis\;C:\ProgramData\chocolatey\bin;C:\Program Files (x86)\Windows Kits\10\Windows Performance Toolkit\;C:\Program Files\nodejs\;C:\Program Files\dotnet\;C:\Program Files\Microsoft SQL Server\130\Tools\Binn\;C:\Program Files\Microsoft SQL Server\Client SDK\ODBC\110\Tools\Binn\;C:\Program Files (x86)\Microsoft SQL Server\120\Tools\Binn\;C:\Program Files\Microsoft SQL Server\120\Tools\Binn\;C:\Program Files\Microsoft SQL Server\120\DTS\Binn\;C:\Program Files (x86)\Microsoft SQL Server\120\Tools\Binn\ManagementStudio\;C:\Program Files (x86)\Microsoft SQL Server\120\DTS\Binn\;C:\Program Files\Git\cmd;C:\Users\z6apr\.cargo\bin;C:\Program Files (x86)\Microsoft VS Code\bin
187 verbose lifecycle node@8.3.0~preinstall: CWD: D:\_myStudies\typescript\nItc.nCommons\Commons\node_modules\.staging\node-f3686ed1
188 silly lifecycle node@8.3.0~preinstall: Args: [ '/d /s /c', 'node installArchSpecificPackage' ]
189 silly lifecycle node@8.3.0~preinstall: Returned: code: 1  signal: null
190 info lifecycle node@8.3.0~preinstall: Failed to exec preinstall script
191 verbose unlock done using C:\Users\z6apr\AppData\Roaming\npm-cache\_locks\staging-d2edf3ac8bc09e08.lock for D:\_myStudies\typescript\nItc.nCommons\Commons\node_modules\.staging
192 silly rollbackFailedOptional Starting
193 silly rollbackFailedOptional Finishing
194 silly runTopLevelLifecycles Finishing
195 silly install printInstalled
196 warn nIt.nCommons@0.0.0 No repository field.
197 verbose If you need help, you may report this error at:
197 verbose     <https://github.com/npm/npm/issues>
198 warn nIt.nCommons@0.0.0 No license field.
199 verbose If you need help, you may report this error at:
199 verbose     <https://github.com/npm/npm/issues>
200 verbose stack Error: node@8.3.0 preinstall: `node installArchSpecificPackage`
200 verbose stack Exit status 1
200 verbose stack     at EventEmitter.<anonymous> (C:\Program Files\nodejs\node_modules\npm\lib\utils\lifecycle.js:279:16)
200 verbose stack     at emitTwo (events.js:106:13)
200 verbose stack     at EventEmitter.emit (events.js:194:7)
200 verbose stack     at ChildProcess.<anonymous> (C:\Program Files\nodejs\node_modules\npm\lib\utils\spawn.js:40:14)
200 verbose stack     at emitTwo (events.js:106:13)
200 verbose stack     at ChildProcess.emit (events.js:194:7)
200 verbose stack     at maybeClose (internal/child_process.js:899:16)
200 verbose stack     at Process.ChildProcess._handle.onexit (internal/child_process.js:226:5)
201 verbose pkgid node@8.3.0
202 verbose cwd D:\_myStudies\typescript\nItc.nCommons\Commons
203 error Windows_NT 6.3.9600
204 error argv "C:\\Program Files\\nodejs\\node.exe" "C:\\Program Files\\nodejs\\node_modules\\npm\\bin\\npm-cli.js" "install" "node" "--save"
205 error node v7.7.4
206 error npm  v4.1.2
207 error code ELIFECYCLE
208 error node@8.3.0 preinstall: `node installArchSpecificPackage`
208 error Exit status 1
209 error Failed at the node@8.3.0 preinstall script 'node installArchSpecificPackage'.
209 error Make sure you have the latest version of node.js and npm installed.
209 error If you do, this is most likely a problem with the node package,
209 error not with npm itself.
209 error Tell the author that this fails on your system:
209 error     node installArchSpecificPackage
209 error You can get information on how to open an issue for this project with:
209 error     npm bugs node
209 error Or if that isn't available, you can get their info via:
209 error     npm owner ls node
209 error There is likely additional logging output above.
210 verbose exit [ 1, true ]
